<?xml version="1.0" encoding="utf-8"?><testsuites name="pytest tests"><testsuite name="pytest" errors="0" failures="0" skipped="0" tests="20" time="7.769" timestamp="2026-06-25T18:56:23.228791+00:00" hostname="agent-env-71d40aad-7b50-463e-98a0-8c7ea8ac9570"><testcase classname="backend.tests.test_beta_flow.TestBulkImport" name="test_bulk_import_creates_logins_with_accents_and_duplicates" time="2.309" /><testcase classname="backend.tests.test_beta_flow.TestBulkImport" name="test_imported_student_login_with_ra" time="0.321" /><testcase classname="backend.tests.test_beta_flow.TestBulkImport" name="test_auth_me_returns_ra_and_lock" time="0.100" /><testcase classname="backend.tests.test_beta_flow.TestBulkImport" name="test_duplicate_ra_rejected" time="0.572" /><testcase classname="backend.tests.test_beta_flow.TestBulkImport" name="test_invalid_class_id_returns_400" time="0.100" /><testcase classname="backend.tests.test_beta_flow.TestBulkImport" name="test_missing_columns_returns_400" time="0.093" /><testcase classname="backend.tests.test_beta_flow.TestBulkImport" name="test_import_without_class_id_ok" time="0.452" /><testcase classname="backend.tests.test_beta_flow.TestVouchers" name="test_teacher_creates_voucher_autocode" time="0.106" /><testcase classname="backend.tests.test_beta_flow.TestVouchers" name="test_teacher_creates_voucher_with_custom_code" time="0.101" /><testcase classname="backend.tests.test_beta_flow.TestVouchers" name="test_duplicate_code_400" time="0.105" /><testcase classname="backend.tests.test_beta_flow.TestVouchers" name="test_admin_creates_voucher" time="0.110" /><testcase classname="backend.tests.test_beta_flow.TestVouchers" name="test_teacher_lists_only_own_vouchers" time="0.101" /><testcase classname="backend.tests.test_beta_flow.TestVouchers" name="test_admin_lists_all_vouchers" time="0.101" /><testcase classname="backend.tests.test_beta_flow.TestVouchers" name="test_student_redeems_voucher" time="0.691" /><testcase classname="backend.tests.test_beta_flow.TestVouchers" name="test_second_student_cannot_redeem_same_code" time="0.438" /><testcase classname="backend.tests.test_beta_flow.TestVouchers" name="test_same_student_cannot_redeem_twice" time="0.108" /><testcase classname="backend.tests.test_beta_flow.TestVouchers" name="test_invalid_code_404" time="0.110" /><testcase classname="backend.tests.test_beta_flow.TestVouchers" name="test_class_restricted_voucher" time="0.223" /><testcase classname="backend.tests.test_beta_flow.TestVouchers" name="test_delete_voucher_permissions" time="0.362" /><testcase classname="backend.tests.test_beta_flow.TestVouchers" name="test_redeemed_voucher_cannot_be_deleted" time="1.194" /></testsuite></testsuites>