<?xml version="1.0" encoding="utf-8"?><testsuites name="pytest tests"><testsuite name="pytest" errors="0" failures="0" skipped="0" tests="20" time="8.373" timestamp="2026-07-22T19:20:18.019460+00:00" hostname="agent-env-71d40aad-7b50-463e-98a0-8c7ea8ac9570"><testcase classname="backend.tests.test_beta2_transfer_attendance.TestTransfer" name="test_transfer_success_debits_and_credits" time="3.145" /><testcase classname="backend.tests.test_beta2_transfer_attendance.TestTransfer" name="test_transfer_creates_two_transactions_with_message" time="0.236" /><testcase classname="backend.tests.test_beta2_transfer_attendance.TestTransfer" name="test_transfer_ra_not_found" time="0.113" /><testcase classname="backend.tests.test_beta2_transfer_attendance.TestTransfer" name="test_transfer_insufficient_balance" time="0.128" /><testcase classname="backend.tests.test_beta2_transfer_attendance.TestTransfer" name="test_transfer_to_self" time="0.130" /><testcase classname="backend.tests.test_beta2_transfer_attendance.TestTransfer" name="test_transfer_negative_amount" time="0.116" /><testcase classname="backend.tests.test_beta2_transfer_attendance.TestTransfer" name="test_transfer_zero_amount" time="0.108" /><testcase classname="backend.tests.test_beta2_transfer_attendance.TestTransfer" name="test_transfer_over_max" time="0.131" /><testcase classname="backend.tests.test_beta2_transfer_attendance.TestAttendance" name="test_teacher_marks_own_class" time="0.198" /><testcase classname="backend.tests.test_beta2_transfer_attendance.TestAttendance" name="test_teacher_cannot_access_other_class" time="0.130" /><testcase classname="backend.tests.test_beta2_transfer_attendance.TestAttendance" name="test_teacher_cannot_mark_other_class" time="0.127" /><testcase classname="backend.tests.test_beta2_transfer_attendance.TestAttendance" name="test_admin_can_access_any_class" time="0.132" /><testcase classname="backend.tests.test_beta2_transfer_attendance.TestAttendance" name="test_mark_attendance_upsert" time="0.680" /><testcase classname="backend.tests.test_beta2_transfer_attendance.TestAttendance" name="test_invalid_date_400" time="0.118" /><testcase classname="backend.tests.test_beta2_transfer_attendance.TestAttendance" name="test_class_not_found" time="0.146" /><testcase classname="backend.tests.test_beta2_transfer_attendance.TestAttendance" name="test_student_attendance_history" time="0.484" /><testcase classname="backend.tests.test_beta2_transfer_attendance.TestConfigAndAllowance" name="test_set_config_attendance_required_true" time="0.248" /><testcase classname="backend.tests.test_beta2_transfer_attendance.TestConfigAndAllowance" name="test_run_allowance_with_attendance_required" time="0.768" /><testcase classname="backend.tests.test_beta2_transfer_attendance.TestConfigAndAllowance" name="test_run_allowance_idempotent_same_day" time="0.252" /><testcase classname="backend.tests.test_beta2_transfer_attendance.TestConfigAndAllowance" name="test_run_allowance_without_attendance_required" time="0.875" /></testsuite></testsuites>