<?xml version="1.0" encoding="utf-8"?><testsuites name="pytest tests"><testsuite name="pytest" errors="0" failures="0" skipped="0" tests="14" time="3.849" timestamp="2026-06-19T14:28:47.804703+00:00" hostname="agent-env-71d40aad-7b50-463e-98a0-8c7ea8ac9570"><testcase classname="backend.tests.test_admin_user_flow" name="test_admin_login_success" time="0.230" /><testcase classname="backend.tests.test_admin_user_flow" name="test_admin_login_invalid" time="0.227" /><testcase classname="backend.tests.test_admin_user_flow" name="test_admin_list_users_has_seed" time="0.273" /><testcase classname="backend.tests.test_admin_user_flow" name="test_create_student_with_initial_balance" time="0.506" /><testcase classname="backend.tests.test_admin_user_flow" name="test_create_teacher_and_login" time="0.457" /><testcase classname="backend.tests.test_admin_user_flow" name="test_duplicate_email_returns_400" time="0.505" /><testcase classname="backend.tests.test_admin_user_flow" name="test_short_password_returns_400" time="0.043" /><testcase classname="backend.tests.test_admin_user_flow" name="test_invalid_class_id_returns_400" time="0.045" /><testcase classname="backend.tests.test_admin_user_flow" name="test_create_class_and_list" time="0.091" /><testcase classname="backend.tests.test_admin_user_flow" name="test_assign_student_to_class" time="0.268" /><testcase classname="backend.tests.test_admin_user_flow" name="test_admin_cannot_delete_self" time="0.088" /><testcase classname="backend.tests.test_admin_user_flow" name="test_admin_delete_user" time="0.357" /><testcase classname="backend.tests.test_admin_user_flow" name="test_password_is_bcrypt_hashed" time="0.226" /><testcase classname="backend.tests.test_admin_user_flow" name="test_jwt_token_reusable" time="0.266" /></testsuite></testsuites>